  [1m[35m (0.1ms)[0m  [1m[34mSELECT sqlite_version(*)[0m
  [1m[35m (2.4ms)[0m  [1m[35mCREATE TABLE "schema_migrations" ("version" varchar NOT NULL PRIMARY KEY)[0m
  [1m[35m (2.3ms)[0m  [1m[35mCREATE TABLE "ar_internal_metadata" ("key" varchar NOT NULL PRIMARY KEY, "value" varchar, "created_at" datetime NOT NULL, "updated_at" datetime NOT NULL)[0m
  [1m[35m (0.3ms)[0m  [1m[34mSELECT "schema_migrations"."version" FROM "schema_migrations" ORDER BY "schema_migrations"."version" ASC[0m
Migrating to CreateDoctors (20190326160544)
  [1m[35m (0.1ms)[0m  [1m[36mbegin transaction[0m
  [1m[35m (0.6ms)[0m  [1m[35mCREATE TABLE "doctors" ("id" INTEGER PRIMARY KEY AUTOINCREMENT NOT NULL, "first_name" varchar, "last_name" varchar, "specialty" varchar, "zip_code" varchar, "created_at" datetime NOT NULL, "updated_at" datetime NOT NULL)[0m
  [1m[35mSQL (0.3ms)[0m  [1m[32mINSERT INTO "schema_migrations" ("version") VALUES (?)[0m  [["version", "20190326160544"]]
  [1m[35m (1.9ms)[0m  [1m[36mcommit transaction[0m
Migrating to CreatePatients (20190326160617)
  [1m[35m (0.1ms)[0m  [1m[36mbegin transaction[0m
  [1m[35m (0.5ms)[0m  [1m[35mCREATE TABLE "patients" ("id" INTEGER PRIMARY KEY AUTOINCREMENT NOT NULL, "first_name" varchar, "last_name" varchar, "created_at" datetime NOT NULL, "updated_at" datetime NOT NULL)[0m
  [1m[35mSQL (0.2ms)[0m  [1m[32mINSERT INTO "schema_migrations" ("version") VALUES (?)[0m  [["version", "20190326160617"]]
  [1m[35m (1.6ms)[0m  [1m[36mcommit transaction[0m
Migrating to CreateAppointments (20190326160641)
  [1m[35m (0.1ms)[0m  [1m[36mbegin transaction[0m
  [1m[35m (0.7ms)[0m  [1m[35mCREATE TABLE "appointments" ("id" INTEGER PRIMARY KEY AUTOINCREMENT NOT NULL, "date" datetime, "doctor_id" integer, "patient_id" integer, "created_at" datetime NOT NULL, "updated_at" datetime NOT NULL)[0m
  [1m[35m (0.2ms)[0m  [1m[35mCREATE  INDEX "index_appointments_on_doctor_id" ON "appointments" ("doctor_id")[0m
  [1m[35m (0.1ms)[0m  [1m[34m            SELECT sql
            FROM sqlite_master
            WHERE name='index_appointments_on_doctor_id' AND type='index'
            UNION ALL
            SELECT sql
            FROM sqlite_temp_master
            WHERE name='index_appointments_on_doctor_id' AND type='index'
[0m
  [1m[35m (0.1ms)[0m  [1m[35mCREATE  INDEX "index_appointments_on_patient_id" ON "appointments" ("patient_id")[0m
  [1m[35mSQL (0.2ms)[0m  [1m[32mINSERT INTO "schema_migrations" ("version") VALUES (?)[0m  [["version", "20190326160641"]]
  [1m[35m (1.5ms)[0m  [1m[36mcommit transaction[0m
  [1m[36mActiveRecord::InternalMetadata Load (0.1ms)[0m  [1m[34mSELECT  "ar_internal_metadata".* FROM "ar_internal_metadata" WHERE "ar_internal_metadata"."key" = ? LIMIT ?[0m  [["key", "environment"], ["LIMIT", 1]]
  [1m[35m (0.0ms)[0m  [1m[36mbegin transaction[0m
  [1m[35mSQL (0.3ms)[0m  [1m[32mINSERT INTO "ar_internal_metadata" ("key", "value", "created_at", "updated_at") VALUES (?, ?, ?, ?)[0m  [["key", "environment"], ["value", "development"], ["created_at", "2019-03-26 16:12:38.947748"], ["updated_at", "2019-03-26 16:12:38.947748"]]
  [1m[35m (1.5ms)[0m  [1m[36mcommit transaction[0m
  [1m[35m (0.1ms)[0m  [1m[34mSELECT "schema_migrations"."version" FROM "schema_migrations" ORDER BY "schema_migrations"."version" ASC[0m
  [1m[35m (0.1ms)[0m  [1m[34m            SELECT sql
            FROM sqlite_master
            WHERE name='index_appointments_on_patient_id' AND type='index'
            UNION ALL
            SELECT sql
            FROM sqlite_temp_master
            WHERE name='index_appointments_on_patient_id' AND type='index'
[0m
  [1m[35m (0.1ms)[0m  [1m[34m            SELECT sql
            FROM sqlite_master
            WHERE name='index_appointments_on_doctor_id' AND type='index'
            UNION ALL
            SELECT sql
            FROM sqlite_temp_master
            WHERE name='index_appointments_on_doctor_id' AND type='index'
[0m
  [1m[35m (7.0ms)[0m  [1m[34mSELECT "schema_migrations"."version" FROM "schema_migrations" ORDER BY "schema_migrations"."version" ASC[0m
  [1m[35m (0.1ms)[0m  [1m[36mbegin transaction[0m
  [1m[35mSQL (14.7ms)[0m  [1m[32mINSERT INTO "doctors" ("first_name", "last_name", "specialty", "created_at", "updated_at") VALUES (?, ?, ?, ?, ?)[0m  [["first_name", "Manet"], ["last_name", "Lois Lane"], ["specialty", "General"], ["created_at", "2019-03-27 11:26:28.849983"], ["updated_at", "2019-03-27 11:26:28.849983"]]
  [1m[35m (2.3ms)[0m  [1m[36mcommit transaction[0m
  [1m[35m (0.1ms)[0m  [1m[36mbegin transaction[0m
  [1m[35mSQL (0.3ms)[0m  [1m[32mINSERT INTO "doctors" ("first_name", "last_name", "specialty", "created_at", "updated_at") VALUES (?, ?, ?, ?, ?)[0m  [["first_name", "Winslow Homer"], ["last_name", "Billy Batson"], ["specialty", "General"], ["created_at", "2019-03-27 11:26:28.869005"], ["updated_at", "2019-03-27 11:26:28.869005"]]
  [1m[35m (1.5ms)[0m  [1m[36mcommit transaction[0m
  [1m[35m (0.0ms)[0m  [1m[36mbegin transaction[0m
  [1m[35mSQL (0.3ms)[0m  [1m[32mINSERT INTO "doctors" ("first_name", "last_name", "specialty", "created_at", "updated_at") VALUES (?, ?, ?, ?, ?)[0m  [["first_name", "Vincent"], ["last_name", "Ray Palmer"], ["specialty", "General"], ["created_at", "2019-03-27 11:26:28.872156"], ["updated_at", "2019-03-27 11:26:28.872156"]]
  [1m[35m (1.5ms)[0m  [1m[36mcommit transaction[0m
  [1m[35m (0.0ms)[0m  [1m[36mbegin transaction[0m
  [1m[35mSQL (0.2ms)[0m  [1m[32mINSERT INTO "doctors" ("first_name", "last_name", "specialty", "created_at", "updated_at") VALUES (?, ?, ?, ?, ?)[0m  [["first_name", "Pollock"], ["last_name", "Jay Garrick"], ["specialty", "General"], ["created_at", "2019-03-27 11:26:28.875121"], ["updated_at", "2019-03-27 11:26:28.875121"]]
  [1m[35m (1.7ms)[0m  [1m[36mcommit transaction[0m
  [1m[35m (0.1ms)[0m  [1m[36mbegin transaction[0m
  [1m[35mSQL (20.8ms)[0m  [1m[32mINSERT INTO "doctors" ("first_name", "last_name", "specialty", "created_at", "updated_at") VALUES (?, ?, ?, ?, ?)[0m  [["first_name", "Kandinsky"], ["last_name", "Barbara Gordon"], ["specialty", "General"], ["created_at", "2019-03-27 11:26:28.878342"], ["updated_at", "2019-03-27 11:26:28.878342"]]
  [1m[35m (1.6ms)[0m  [1m[36mcommit transaction[0m
  [1m[35m (0.1ms)[0m  [1m[36mbegin transaction[0m
  [1m[35mSQL (0.4ms)[0m  [1m[32mINSERT INTO "doctors" ("first_name", "last_name", "specialty", "created_at", "updated_at") VALUES (?, ?, ?, ?, ?)[0m  [["first_name", "Rembrandt"], ["last_name", "John Constantine"], ["specialty", "General"], ["created_at", "2019-03-27 11:26:28.902448"], ["updated_at", "2019-03-27 11:26:28.902448"]]
  [1m[35m (1.5ms)[0m  [1m[36mcommit transaction[0m
  [1m[35m (0.0ms)[0m  [1m[36mbegin transaction[0m
  [1m[35mSQL (0.3ms)[0m  [1m[32mINSERT INTO "doctors" ("first_name", "last_name", "specialty", "created_at", "updated_at") VALUES (?, ?, ?, ?, ?)[0m  [["first_name", "Warhol"], ["last_name", "Hal Jordan"], ["specialty", "General"], ["created_at", "2019-03-27 11:26:28.905802"], ["updated_at", "2019-03-27 11:26:28.905802"]]
  [1m[35m (1.5ms)[0m  [1m[36mcommit transaction[0m
  [1m[35m (0.0ms)[0m  [1m[36mbegin transaction[0m
  [1m[35mSQL (0.3ms)[0m  [1m[32mINSERT INTO "doctors" ("first_name", "last_name", "specialty", "created_at", "updated_at") VALUES (?, ?, ?, ?, ?)[0m  [["first_name", "Munch"], ["last_name", "Dianna Prince"], ["specialty", "General"], ["created_at", "2019-03-27 11:26:28.908839"], ["updated_at", "2019-03-27 11:26:28.908839"]]
  [1m[35m (1.4ms)[0m  [1m[36mcommit transaction[0m
  [1m[35m (0.0ms)[0m  [1m[36mbegin transaction[0m
  [1m[35mSQL (0.3ms)[0m  [1m[32mINSERT INTO "doctors" ("first_name", "last_name", "specialty", "created_at", "updated_at") VALUES (?, ?, ?, ?, ?)[0m  [["first_name", "Joan Miro"], ["last_name", "Oswald Cobblepot"], ["specialty", "General"], ["created_at", "2019-03-27 11:26:28.911722"], ["updated_at", "2019-03-27 11:26:28.911722"]]
  [1m[35m (1.5ms)[0m  [1m[36mcommit transaction[0m
  [1m[35m (0.0ms)[0m  [1m[36mbegin transaction[0m
  [1m[35mSQL (0.3ms)[0m  [1m[32mINSERT INTO "doctors" ("first_name", "last_name", "specialty", "created_at", "updated_at") VALUES (?, ?, ?, ?, ?)[0m  [["first_name", "Degas"], ["last_name", "Oswald Cobblepot"], ["specialty", "General"], ["created_at", "2019-03-27 11:26:28.914618"], ["updated_at", "2019-03-27 11:26:28.914618"]]
  [1m[35m (1.5ms)[0m  [1m[36mcommit transaction[0m
  [1m[35m (0.0ms)[0m  [1m[36mbegin transaction[0m
  [1m[35mSQL (0.2ms)[0m  [1m[32mINSERT INTO "doctors" ("first_name", "last_name", "specialty", "created_at", "updated_at") VALUES (?, ?, ?, ?, ?)[0m  [["first_name", "Pollock"], ["last_name", "Bart Allen"], ["specialty", "General"], ["created_at", "2019-03-27 11:26:28.917537"], ["updated_at", "2019-03-27 11:26:28.917537"]]
  [1m[35m (1.5ms)[0m  [1m[36mcommit transaction[0m
  [1m[35m (0.0ms)[0m  [1m[36mbegin transaction[0m
  [1m[35mSQL (0.2ms)[0m  [1m[32mINSERT INTO "doctors" ("first_name", "last_name", "specialty", "created_at", "updated_at") VALUES (?, ?, ?, ?, ?)[0m  [["first_name", "Seurat"], ["last_name", "John Stewart"], ["specialty", "General"], ["created_at", "2019-03-27 11:26:28.920365"], ["updated_at", "2019-03-27 11:26:28.920365"]]
  [1m[35m (1.7ms)[0m  [1m[36mcommit transaction[0m
  [1m[35m (0.0ms)[0m  [1m[36mbegin transaction[0m
  [1m[35mSQL (0.3ms)[0m  [1m[32mINSERT INTO "doctors" ("first_name", "last_name", "specialty", "created_at", "updated_at") VALUES (?, ?, ?, ?, ?)[0m  [["first_name", "Gauguin"], ["last_name", "Bruce Wayne"], ["specialty", "General"], ["created_at", "2019-03-27 11:26:28.923470"], ["updated_at", "2019-03-27 11:26:28.923470"]]
  [1m[35m (1.6ms)[0m  [1m[36mcommit transaction[0m
  [1m[35m (0.0ms)[0m  [1m[36mbegin transaction[0m
  [1m[35mSQL (0.3ms)[0m  [1m[32mINSERT INTO "doctors" ("first_name", "last_name", "specialty", "created_at", "updated_at") VALUES (?, ?, ?, ?, ?)[0m  [["first_name", "Kahlo"], ["last_name", "John Stewart"], ["specialty", "General"], ["created_at", "2019-03-27 11:26:28.926571"], ["updated_at", "2019-03-27 11:26:28.926571"]]
  [1m[35m (1.6ms)[0m  [1m[36mcommit transaction[0m
  [1m[35m (0.0ms)[0m  [1m[36mbegin transaction[0m
  [1m[35mSQL (0.3ms)[0m  [1m[32mINSERT INTO "doctors" ("first_name", "last_name", "specialty", "created_at", "updated_at") VALUES (?, ?, ?, ?, ?)[0m  [["first_name", "Raphael"], ["last_name", "Hal Jordan"], ["specialty", "General"], ["created_at", "2019-03-27 11:26:28.929703"], ["updated_at", "2019-03-27 11:26:28.929703"]]
  [1m[35m (1.5ms)[0m  [1m[36mcommit transaction[0m
  [1m[35m (0.0ms)[0m  [1m[36mbegin transaction[0m
  [1m[35mSQL (0.3ms)[0m  [1m[32mINSERT INTO "doctors" ("first_name", "last_name", "specialty", "created_at", "updated_at") VALUES (?, ?, ?, ?, ?)[0m  [["first_name", "Escher"], ["last_name", "Hal Jordan"], ["specialty", "General"], ["created_at", "2019-03-27 11:26:28.932613"], ["updated_at", "2019-03-27 11:26:28.932613"]]
  [1m[35m (1.5ms)[0m  [1m[36mcommit transaction[0m
  [1m[35m (0.0ms)[0m  [1m[36mbegin transaction[0m
  [1m[35mSQL (0.3ms)[0m  [1m[32mINSERT INTO "doctors" ("first_name", "last_name", "specialty", "created_at", "updated_at") VALUES (?, ?, ?, ?, ?)[0m  [["first_name", "Magritte"], ["last_name", "Jason Todd"], ["specialty", "General"], ["created_at", "2019-03-27 11:26:28.935655"], ["updated_at", "2019-03-27 11:26:28.935655"]]
  [1m[35m (1.6ms)[0m  [1m[36mcommit transaction[0m
  [1m[35m (0.0ms)[0m  [1m[36mbegin transaction[0m
  [1m[35mSQL (0.2ms)[0m  [1m[32mINSERT INTO "doctors" ("first_name", "last_name", "specialty", "created_at", "updated_at") VALUES (?, ?, ?, ?, ?)[0m  [["first_name", "Caravaggio"], ["last_name", "Connor Hawke"], ["specialty", "General"], ["created_at", "2019-03-27 11:26:28.938621"], ["updated_at", "2019-03-27 11:26:28.938621"]]
  [1m[35m (1.6ms)[0m  [1m[36mcommit transaction[0m
  [1m[35m (0.0ms)[0m  [1m[36mbegin transaction[0m
  [1m[35mSQL (0.2ms)[0m  [1m[32mINSERT INTO "doctors" ("first_name", "last_name", "specialty", "created_at", "updated_at") VALUES (?, ?, ?, ?, ?)[0m  [["first_name", "Raphael"], ["last_name", "Alfred Pennyworth"], ["specialty", "General"], ["created_at", "2019-03-27 11:26:28.941539"], ["updated_at", "2019-03-27 11:26:28.941539"]]
  [1m[35m (1.6ms)[0m  [1m[36mcommit transaction[0m
  [1m[35m (0.0ms)[0m  [1m[36mbegin transaction[0m
  [1m[35mSQL (0.3ms)[0m  [1m[32mINSERT INTO "doctors" ("first_name", "last_name", "specialty", "created_at", "updated_at") VALUES (?, ?, ?, ?, ?)[0m  [["first_name", "Bernini"], ["last_name", "Connor Hawke"], ["specialty", "General"], ["created_at", "2019-03-27 11:26:28.944675"], ["updated_at", "2019-03-27 11:26:28.944675"]]
  [1m[35m (30.0ms)[0m  [1m[36mcommit transaction[0m
  [1m[35m (0.2ms)[0m  [1m[34mSELECT "schema_migrations"."version" FROM "schema_migrations" ORDER BY "schema_migrations"."version" ASC[0m
  [1m[35m (0.1ms)[0m  [1m[36mbegin transaction[0m
  [1m[35mSQL (0.5ms)[0m  [1m[32mINSERT INTO "doctors" ("first_name", "last_name", "specialty", "created_at", "updated_at") VALUES (?, ?, ?, ?, ?)[0m  [["first_name", "Cezanne"], ["last_name", "Harvey Bullock"], ["specialty", "General"], ["created_at", "2019-03-27 11:26:51.314692"], ["updated_at", "2019-03-27 11:26:51.314692"]]
  [1m[35m (5.6ms)[0m  [1m[36mcommit transaction[0m
  [1m[35m (0.1ms)[0m  [1m[36mbegin transaction[0m
  [1m[35mSQL (0.3ms)[0m  [1m[32mINSERT INTO "doctors" ("first_name", "last_name", "specialty", "created_at", "updated_at") VALUES (?, ?, ?, ?, ?)[0m  [["first_name", "Durer"], ["last_name", "Ray Palmer"], ["specialty", "General"], ["created_at", "2019-03-27 11:26:51.322716"], ["updated_at", "2019-03-27 11:26:51.322716"]]
  [1m[35m (1.6ms)[0m  [1m[36mcommit transaction[0m
  [1m[35m (0.0ms)[0m  [1m[36mbegin transaction[0m
  [1m[35mSQL (0.4ms)[0m  [1m[32mINSERT INTO "doctors" ("first_name", "last_name", "specialty", "created_at", "updated_at") VALUES (?, ?, ?, ?, ?)[0m  [["first_name", "Rothko"], ["last_name", "Wesley Dodds"], ["specialty", "General"], ["created_at", "2019-03-27 11:26:51.325798"], ["updated_at", "2019-03-27 11:26:51.325798"]]
  [1m[35m (1.5ms)[0m  [1m[36mcommit transaction[0m
  [1m[35m (0.0ms)[0m  [1m[36mbegin transaction[0m
  [1m[35mSQL (0.3ms)[0m  [1m[32mINSERT INTO "doctors" ("first_name", "last_name", "specialty", "created_at", "updated_at") VALUES (?, ?, ?, ?, ?)[0m  [["first_name", "Da Vinci"], ["last_name", "John Constantine"], ["specialty", "General"], ["created_at", "2019-03-27 11:26:51.329228"], ["updated_at", "2019-03-27 11:26:51.329228"]]
  [1m[35m (1.6ms)[0m  [1m[36mcommit transaction[0m
  [1m[35m (0.0ms)[0m  [1m[36mbegin transaction[0m
  [1m[35mSQL (0.3ms)[0m  [1m[32mINSERT INTO "doctors" ("first_name", "last_name", "specialty", "created_at", "updated_at") VALUES (?, ?, ?, ?, ?)[0m  [["first_name", "Klimt"], ["last_name", "Terry McGinnis"], ["specialty", "General"], ["created_at", "2019-03-27 11:26:51.332493"], ["updated_at", "2019-03-27 11:26:51.332493"]]
  [1m[35m (1.6ms)[0m  [1m[36mcommit transaction[0m
  [1m[35m (0.0ms)[0m  [1m[36mbegin transaction[0m
  [1m[35mSQL (0.3ms)[0m  [1m[32mINSERT INTO "doctors" ("first_name", "last_name", "specialty", "created_at", "updated_at") VALUES (?, ?, ?, ?, ?)[0m  [["first_name", "Botticelli"], ["last_name", "John Constantine"], ["specialty", "General"], ["created_at", "2019-03-27 11:26:51.335566"], ["updated_at", "2019-03-27 11:26:51.335566"]]
  [1m[35m (1.8ms)[0m  [1m[36mcommit transaction[0m
  [1m[35m (0.0ms)[0m  [1m[36mbegin transaction[0m
  [1m[35mSQL (0.3ms)[0m  [1m[32mINSERT INTO "doctors" ("first_name", "last_name", "specialty", "created_at", "updated_at") VALUES (?, ?, ?, ?, ?)[0m  [["first_name", "Edward Hopper"], ["last_name", "Connor Hawke"], ["specialty", "General"], ["created_at", "2019-03-27 11:26:51.339032"], ["updated_at", "2019-03-27 11:26:51.339032"]]
  [1m[35m (1.6ms)[0m  [1m[36mcommit transaction[0m
  [1m[35m (0.0ms)[0m  [1m[36mbegin transaction[0m
  [1m[35mSQL (0.3ms)[0m  [1m[32mINSERT INTO "doctors" ("first_name", "last_name", "specialty", "created_at", "updated_at") VALUES (?, ?, ?, ?, ?)[0m  [["first_name", "Vettriano"], ["last_name", "James Gordon"], ["specialty", "General"], ["created_at", "2019-03-27 11:26:51.342140"], ["updated_at", "2019-03-27 11:26:51.342140"]]
  [1m[35m (41.5ms)[0m  [1m[36mcommit transaction[0m
  [1m[35m (0.0ms)[0m  [1m[36mbegin transaction[0m
  [1m[35mSQL (0.3ms)[0m  [1m[32mINSERT INTO "doctors" ("first_name", "last_name", "specialty", "created_at", "updated_at") VALUES (?, ?, ?, ?, ?)[0m  [["first_name", "Da Vinci"], ["last_name", "Damian Wayne"], ["specialty", "General"], ["created_at", "2019-03-27 11:26:51.385230"], ["updated_at", "2019-03-27 11:26:51.385230"]]
  [1m[35m (1.7ms)[0m  [1m[36mcommit transaction[0m
  [1m[35m (0.1ms)[0m  [1m[36mbegin transaction[0m
  [1m[35mSQL (0.3ms)[0m  [1m[32mINSERT INTO "doctors" ("first_name", "last_name", "specialty", "created_at", "updated_at") VALUES (?, ?, ?, ?, ?)[0m  [["first_name", "Joan Miro"], ["last_name", "Harvey Bullock"], ["specialty", "General"], ["created_at", "2019-03-27 11:26:51.388566"], ["updated_at", "2019-03-27 11:26:51.388566"]]
  [1m[35m (1.5ms)[0m  [1m[36mcommit transaction[0m
  [1m[35m (0.0ms)[0m  [1m[36mbegin transaction[0m
  [1m[35mSQL (0.3ms)[0m  [1m[32mINSERT INTO "doctors" ("first_name", "last_name", "specialty", "created_at", "updated_at") VALUES (?, ?, ?, ?, ?)[0m  [["first_name", "Joan Miro"], ["last_name", "Connor Hawke"], ["specialty", "General"], ["created_at", "2019-03-27 11:26:51.391540"], ["updated_at", "2019-03-27 11:26:51.391540"]]
  [1m[35m (1.6ms)[0m  [1m[36mcommit transaction[0m
  [1m[35m (0.0ms)[0m  [1m[36mbegin transaction[0m
  [1m[35mSQL (0.3ms)[0m  [1m[32mINSERT INTO "doctors" ("first_name", "last_name", "specialty", "created_at", "updated_at") VALUES (?, ?, ?, ?, ?)[0m  [["first_name", "Donatello"], ["last_name", "Connor Hawke"], ["specialty", "General"], ["created_at", "2019-03-27 11:26:51.394599"], ["updated_at", "2019-03-27 11:26:51.394599"]]
  [1m[35m (1.7ms)[0m  [1m[36mcommit transaction[0m
  [1m[35m (0.0ms)[0m  [1m[36mbegin transaction[0m
  [1m[35mSQL (0.3ms)[0m  [1m[32mINSERT INTO "doctors" ("first_name", "last_name", "specialty", "created_at", "updated_at") VALUES (?, ?, ?, ?, ?)[0m  [["first_name", "Vincent"], ["last_name", "John Stewart"], ["specialty", "General"], ["created_at", "2019-03-27 11:26:51.397808"], ["updated_at", "2019-03-27 11:26:51.397808"]]
  [1m[35m (1.6ms)[0m  [1m[36mcommit transaction[0m
  [1m[35m (0.0ms)[0m  [1m[36mbegin transaction[0m
  [1m[35mSQL (0.3ms)[0m  [1m[32mINSERT INTO "doctors" ("first_name", "last_name", "specialty", "created_at", "updated_at") VALUES (?, ?, ?, ?, ?)[0m  [["first_name", "Rembrandt"], ["last_name", "Dianna Prince"], ["specialty", "General"], ["created_at", "2019-03-27 11:26:51.400974"], ["updated_at", "2019-03-27 11:26:51.400974"]]
  [1m[35m (1.5ms)[0m  [1m[36mcommit transaction[0m
  [1m[35m (0.0ms)[0m  [1m[36mbegin transaction[0m
  [1m[35mSQL (0.3ms)[0m  [1m[32mINSERT INTO "doctors" ("first_name", "last_name", "specialty", "created_at", "updated_at") VALUES (?, ?, ?, ?, ?)[0m  [["first_name", "Bernini"], ["last_name", "Billy Batson"], ["specialty", "General"], ["created_at", "2019-03-27 11:26:51.404268"], ["updated_at", "2019-03-27 11:26:51.404268"]]
  [1m[35m (1.5ms)[0m  [1m[36mcommit transaction[0m
  [1m[35m (0.0ms)[0m  [1m[36mbegin transaction[0m
  [1m[35mSQL (0.3ms)[0m  [1m[32mINSERT INTO "doctors" ("first_name", "last_name", "specialty", "created_at", "updated_at") VALUES (?, ?, ?, ?, ?)[0m  [["first_name", "Winslow Homer"], ["last_name", "Bruce Wayne"], ["specialty", "General"], ["created_at", "2019-03-27 11:26:51.407385"], ["updated_at", "2019-03-27 11:26:51.407385"]]
  [1m[35m (1.6ms)[0m  [1m[36mcommit transaction[0m
  [1m[35m (0.0ms)[0m  [1m[36mbegin transaction[0m
  [1m[35mSQL (0.3ms)[0m  [1m[32mINSERT INTO "doctors" ("first_name", "last_name", "specialty", "created_at", "updated_at") VALUES (?, ?, ?, ?, ?)[0m  [["first_name", "Botticelli"], ["last_name", "Al Pratt"], ["specialty", "General"], ["created_at", "2019-03-27 11:26:51.410603"], ["updated_at", "2019-03-27 11:26:51.410603"]]
  [1m[35m (1.9ms)[0m  [1m[36mcommit transaction[0m
  [1m[35m (0.0ms)[0m  [1m[36mbegin transaction[0m
  [1m[35mSQL (0.3ms)[0m  [1m[32mINSERT INTO "doctors" ("first_name", "last_name", "specialty", "created_at", "updated_at") VALUES (?, ?, ?, ?, ?)[0m  [["first_name", "Cezanne"], ["last_name", "James Gordon"], ["specialty", "General"], ["created_at", "2019-03-27 11:26:51.413907"], ["updated_at", "2019-03-27 11:26:51.413907"]]
  [1m[35m (1.5ms)[0m  [1m[36mcommit transaction[0m
  [1m[35m (0.0ms)[0m  [1m[36mbegin transaction[0m
  [1m[35mSQL (0.3ms)[0m  [1m[32mINSERT INTO "doctors" ("first_name", "last_name", "specialty", "created_at", "updated_at") VALUES (?, ?, ?, ?, ?)[0m  [["first_name", "Winslow Homer"], ["last_name", "Connor Hawke"], ["specialty", "General"], ["created_at", "2019-03-27 11:26:51.416852"], ["updated_at", "2019-03-27 11:26:51.416852"]]
  [1m[35m (1.4ms)[0m  [1m[36mcommit transaction[0m
  [1m[35m (0.0ms)[0m  [1m[36mbegin transaction[0m
  [1m[35mSQL (0.2ms)[0m  [1m[32mINSERT INTO "doctors" ("first_name", "last_name", "specialty", "created_at", "updated_at") VALUES (?, ?, ?, ?, ?)[0m  [["first_name", "Monet"], ["last_name", "Wesley Dodds"], ["specialty", "General"], ["created_at", "2019-03-27 11:26:51.419858"], ["updated_at", "2019-03-27 11:26:51.419858"]]
  [1m[35m (1.6ms)[0m  [1m[36mcommit transaction[0m
  [1m[35m (0.1ms)[0m  [1m[36mbegin transaction[0m
  [1m[35mSQL (0.4ms)[0m  [1m[32mINSERT INTO "patients" ("first_name", "last_name", "created_at", "updated_at") VALUES (?, ?, ?, ?)[0m  [["first_name", "Winslow Homer"], ["last_name", "Barry Allen"], ["created_at", "2019-03-27 11:26:51.436415"], ["updated_at", "2019-03-27 11:26:51.436415"]]
  [1m[35m (1.7ms)[0m  [1m[36mcommit transaction[0m
  [1m[35m (0.0ms)[0m  [1m[36mbegin transaction[0m
  [1m[35mSQL (0.3ms)[0m  [1m[32mINSERT INTO "patients" ("first_name", "last_name", "created_at", "updated_at") VALUES (?, ?, ?, ?)[0m  [["first_name", "Degas"], ["last_name", "Al Pratt"], ["created_at", "2019-03-27 11:26:51.440066"], ["updated_at", "2019-03-27 11:26:51.440066"]]
  [1m[35m (1.7ms)[0m  [1m[36mcommit transaction[0m
  [1m[35m (0.0ms)[0m  [1m[36mbegin transaction[0m
  [1m[35mSQL (0.3ms)[0m  [1m[32mINSERT INTO "patients" ("first_name", "last_name", "created_at", "updated_at") VALUES (?, ?, ?, ?)[0m  [["first_name", "Michelangelo"], ["last_name", "Barbara Gordon"], ["created_at", "2019-03-27 11:26:51.443443"], ["updated_at", "2019-03-27 11:26:51.443443"]]
  [1m[35m (1.6ms)[0m  [1m[36mcommit transaction[0m
  [1m[35m (0.0ms)[0m  [1m[36mbegin transaction[0m
  [1m[35mSQL (0.3ms)[0m  [1m[32mINSERT INTO "patients" ("first_name", "last_name", "created_at", "updated_at") VALUES (?, ?, ?, ?)[0m  [["first_name", "Vettriano"], ["last_name", "Connor Hawke"], ["created_at", "2019-03-27 11:26:51.446436"], ["updated_at", "2019-03-27 11:26:51.446436"]]
  [1m[35m (2.5ms)[0m  [1m[36mcommit transaction[0m
  [1m[35m (0.0ms)[0m  [1m[36mbegin transaction[0m
  [1m[35mSQL (0.3ms)[0m  [1m[32mINSERT INTO "patients" ("first_name", "last_name", "created_at", "updated_at") VALUES (?, ?, ?, ?)[0m  [["first_name", "Picasso"], ["last_name", "Connor Hawke"], ["created_at", "2019-03-27 11:26:51.450398"], ["updated_at", "2019-03-27 11:26:51.450398"]]
  [1m[35m (1.9ms)[0m  [1m[36mcommit transaction[0m
  [1m[35m (0.0ms)[0m  [1m[36mbegin transaction[0m
  [1m[35mSQL (0.3ms)[0m  [1m[32mINSERT INTO "patients" ("first_name", "last_name", "created_at", "updated_at") VALUES (?, ?, ?, ?)[0m  [["first_name", "Manet"], ["last_name", "Billy Batson"], ["created_at", "2019-03-27 11:26:51.453805"], ["updated_at", "2019-03-27 11:26:51.453805"]]
  [1m[35m (1.7ms)[0m  [1m[36mcommit transaction[0m
  [1m[35m (0.0ms)[0m  [1m[36mbegin transaction[0m
  [1m[35mSQL (0.2ms)[0m  [1m[32mINSERT INTO "patients" ("first_name", "last_name", "created_at", "updated_at") VALUES (?, ?, ?, ?)[0m  [["first_name", "Titian"], ["last_name", "Terry McGinnis"], ["created_at", "2019-03-27 11:26:51.456824"], ["updated_at", "2019-03-27 11:26:51.456824"]]
  [1m[35m (1.8ms)[0m  [1m[36mcommit transaction[0m
  [1m[35m (0.0ms)[0m  [1m[36mbegin transaction[0m
  [1m[35mSQL (0.3ms)[0m  [1m[32mINSERT INTO "patients" ("first_name", "last_name", "created_at", "updated_at") VALUES (?, ?, ?, ?)[0m  [["first_name", "Monet"], ["last_name", "Ted Kord"], ["created_at", "2019-03-27 11:26:51.459846"], ["updated_at", "2019-03-27 11:26:51.459846"]]
  [1m[35m (2.6ms)[0m  [1m[36mcommit transaction[0m
  [1m[35m (0.0ms)[0m  [1m[36mbegin transaction[0m
  [1m[35mSQL (0.3ms)[0m  [1m[32mINSERT INTO "patients" ("first_name", "last_name", "created_at", "updated_at") VALUES (?, ?, ?, ?)[0m  [["first_name", "Vettriano"], ["last_name", "John Constantine"], ["created_at", "2019-03-27 11:26:51.464081"], ["updated_at", "2019-03-27 11:26:51.464081"]]
  [1m[35m (2.4ms)[0m  [1m[36mcommit transaction[0m
  [1m[35m (0.0ms)[0m  [1m[36mbegin transaction[0m
  [1m[35mSQL (0.3ms)[0m  [1m[32mINSERT INTO "patients" ("first_name", "last_name", "created_at", "updated_at") VALUES (?, ?, ?, ?)[0m  [["first_name", "Seurat"], ["last_name", "Hal Jordan"], ["created_at", "2019-03-27 11:26:51.467878"], ["updated_at", "2019-03-27 11:26:51.467878"]]
  [1m[35m (2.0ms)[0m  [1m[36mcommit transaction[0m
  [1m[35m (0.0ms)[0m  [1m[36mbegin transaction[0m
  [1m[35mSQL (0.3ms)[0m  [1m[32mINSERT INTO "patients" ("first_name", "last_name", "created_at", "updated_at") VALUES (?, ?, ?, ?)[0m  [["first_name", "Munch"], ["last_name", "Hal Jordan"], ["created_at", "2019-03-27 11:26:51.471160"], ["updated_at", "2019-03-27 11:26:51.471160"]]
  [1m[35m (1.8ms)[0m  [1m[36mcommit transaction[0m
  [1m[35m (0.0ms)[0m  [1m[36mbegin transaction[0m
  [1m[35mSQL (0.3ms)[0m  [1m[32mINSERT INTO "patients" ("first_name", "last_name", "created_at", "updated_at") VALUES (?, ?, ?, ?)[0m  [["first_name", "Picasso"], ["last_name", "Kyle Rayner"], ["created_at", "2019-03-27 11:26:51.474726"], ["updated_at", "2019-03-27 11:26:51.474726"]]
  [1m[35m (1.9ms)[0m  [1m[36mcommit transaction[0m
  [1m[35m (0.0ms)[0m  [1m[36mbegin transaction[0m
  [1m[35mSQL (0.3ms)[0m  [1m[32mINSERT INTO "patients" ("first_name", "last_name", "created_at", "updated_at") VALUES (?, ?, ?, ?)[0m  [["first_name", "Caravaggio"], ["last_name", "Roy Harper"], ["created_at", "2019-03-27 11:26:51.478278"], ["updated_at", "2019-03-27 11:26:51.478278"]]
  [1m[35m (1.9ms)[0m  [1m[36mcommit transaction[0m
  [1m[35m (0.0ms)[0m  [1m[36mbegin transaction[0m
  [1m[35mSQL (0.4ms)[0m  [1m[32mINSERT INTO "patients" ("first_name", "last_name", "created_at", "updated_at") VALUES (?, ?, ?, ?)[0m  [["first_name", "Vincent"], ["last_name", "James Gordon"], ["created_at", "2019-03-27 11:26:51.481650"], ["updated_at", "2019-03-27 11:26:51.481650"]]
  [1m[35m (1.8ms)[0m  [1m[36mcommit transaction[0m
  [1m[35m (0.0ms)[0m  [1m[36mbegin transaction[0m
  [1m[35mSQL (0.3ms)[0m  [1m[32mINSERT INTO "patients" ("first_name", "last_name", "created_at", "updated_at") VALUES (?, ?, ?, ?)[0m  [["first_name", "Winslow Homer"], ["last_name", "Ray Palmer"], ["created_at", "2019-03-27 11:26:51.484949"], ["updated_at", "2019-03-27 11:26:51.484949"]]
  [1m[35m (1.8ms)[0m  [1m[36mcommit transaction[0m
  [1m[35m (0.0ms)[0m  [1m[36mbegin transaction[0m
  [1m[35mSQL (0.3ms)[0m  [1m[32mINSERT INTO "patients" ("first_name", "last_name", "created_at", "updated_at") VALUES (?, ?, ?, ?)[0m  [["first_name", "Munch"], ["last_name", "Jay Garrick"], ["created_at", "2019-03-27 11:26:51.488259"], ["updated_at", "2019-03-27 11:26:51.488259"]]
  [1m[35m (2.1ms)[0m  [1m[36mcommit transaction[0m
  [1m[35m (0.0ms)[0m  [1m[36mbegin transaction[0m
  [1m[35mSQL (0.3ms)[0m  [1m[32mINSERT INTO "patients" ("first_name", "last_name", "created_at", "updated_at") VALUES (?, ?, ?, ?)[0m  [["first_name", "Botticelli"], ["last_name", "Hal Jordan"], ["created_at", "2019-03-27 11:26:51.491777"], ["updated_at", "2019-03-27 11:26:51.491777"]]
  [1m[35m (1.7ms)[0m  [1m[36mcommit transaction[0m
  [1m[35m (0.0ms)[0m  [1m[36mbegin transaction[0m
  [1m[35mSQL (0.3ms)[0m  [1m[32mINSERT INTO "patients" ("first_name", "last_name", "created_at", "updated_at") VALUES (?, ?, ?, ?)[0m  [["first_name", "Degas"], ["last_name", "Maxwell Lord"], ["created_at", "2019-03-27 11:26:51.495222"], ["updated_at", "2019-03-27 11:26:51.495222"]]
  [1m[35m (1.9ms)[0m  [1m[36mcommit transaction[0m
  [1m[35m (0.0ms)[0m  [1m[36mbegin transaction[0m
  [1m[35mSQL (0.3ms)[0m  [1m[32mINSERT INTO "patients" ("first_name", "last_name", "created_at", "updated_at") VALUES (?, ?, ?, ?)[0m  [["first_name", "Da Vinci"], ["last_name", "Billy Batson"], ["created_at", "2019-03-27 11:26:51.498540"], ["updated_at", "2019-03-27 11:26:51.498540"]]
  [1m[35m (2.6ms)[0m  [1m[36mcommit transaction[0m
  [1m[35m (0.0ms)[0m  [1m[36mbegin transaction[0m
  [1m[35mSQL (0.3ms)[0m  [1m[32mINSERT INTO "patients" ("first_name", "last_name", "created_at", "updated_at") VALUES (?, ?, ?, ?)[0m  [["first_name", "Renoir"], ["last_name", "James Gordon"], ["created_at", "2019-03-27 11:26:51.502632"], ["updated_at", "2019-03-27 11:26:51.502632"]]
  [1m[35m (10.0ms)[0m  [1m[36mcommit transaction[0m
  [1m[35m (0.1ms)[0m  [1m[36mbegin transaction[0m
  [1m[36mDoctor Load (0.2ms)[0m  [1m[34mSELECT  "doctors".* FROM "doctors" WHERE "doctors"."id" = ? LIMIT ?[0m  [["id", 14], ["LIMIT", 1]]
  [1m[36mPatient Load (0.2ms)[0m  [1m[34mSELECT  "patients".* FROM "patients" WHERE "patients"."id" = ? LIMIT ?[0m  [["id", 12], ["LIMIT", 1]]
  [1m[35mSQL (288.9ms)[0m  [1m[32mINSERT INTO "appointments" ("date", "doctor_id", "patient_id", "created_at", "updated_at") VALUES (?, ?, ?, ?, ?)[0m  [["date", "2019-05-11 00:00:00"], ["doctor_id", 14], ["patient_id", 12], ["created_at", "2019-03-27 11:26:51.684159"], ["updated_at", "2019-03-27 11:26:51.684159"]]
  [1m[35m (148.2ms)[0m  [1m[36mcommit transaction[0m
  [1m[35m (0.1ms)[0m  [1m[36mbegin transaction[0m
  [1m[36mDoctor Load (0.1ms)[0m  [1m[34mSELECT  "doctors".* FROM "doctors" WHERE "doctors"."id" = ? LIMIT ?[0m  [["id", 13], ["LIMIT", 1]]
  [1m[36mPatient Load (0.0ms)[0m  [1m[34mSELECT  "patients".* FROM "patients" WHERE "patients"."id" = ? LIMIT ?[0m  [["id", 7], ["LIMIT", 1]]
  [1m[35mSQL (0.3ms)[0m  [1m[32mINSERT INTO "appointments" ("date", "doctor_id", "patient_id", "created_at", "updated_at") VALUES (?, ?, ?, ?, ?)[0m  [["date", "2019-05-11 00:00:00"], ["doctor_id", 13], ["patient_id", 7], ["created_at", "2019-03-27 11:26:52.127092"], ["updated_at", "2019-03-27 11:26:52.127092"]]
  [1m[35m (1.8ms)[0m  [1m[36mcommit transaction[0m
  [1m[35m (0.0ms)[0m  [1m[36mbegin transaction[0m
  [1m[36mDoctor Load (0.1ms)[0m  [1m[34mSELECT  "doctors".* FROM "doctors" WHERE "doctors"."id" = ? LIMIT ?[0m  [["id", 19], ["LIMIT", 1]]
  [1m[36mPatient Load (0.0ms)[0m  [1m[34mSELECT  "patients".* FROM "patients" WHERE "patients"."id" = ? LIMIT ?[0m  [["id", 15], ["LIMIT", 1]]
  [1m[35mSQL (0.4ms)[0m  [1m[32mINSERT INTO "appointments" ("date", "doctor_id", "patient_id", "created_at", "updated_at") VALUES (?, ?, ?, ?, ?)[0m  [["date", "2019-05-11 00:00:00"], ["doctor_id", 19], ["patient_id", 15], ["created_at", "2019-03-27 11:26:52.131919"], ["updated_at", "2019-03-27 11:26:52.131919"]]
  [1m[35m (1.7ms)[0m  [1m[36mcommit transaction[0m
  [1m[35m (0.1ms)[0m  [1m[36mbegin transaction[0m
  [1m[36mDoctor Load (0.1ms)[0m  [1m[34mSELECT  "doctors".* FROM "doctors" WHERE "doctors"."id" = ? LIMIT ?[0m  [["id", 7], ["LIMIT", 1]]
  [1m[36mPatient Load (0.1ms)[0m  [1m[34mSELECT  "patients".* FROM "patients" WHERE "patients"."id" = ? LIMIT ?[0m  [["id", 12], ["LIMIT", 1]]
  [1m[35mSQL (0.4ms)[0m  [1m[32mINSERT INTO "appointments" ("date", "doctor_id", "patient_id", "created_at", "updated_at") VALUES (?, ?, ?, ?, ?)[0m  [["date", "2019-05-11 00:00:00"], ["doctor_id", 7], ["patient_id", 12], ["created_at", "2019-03-27 11:26:52.137655"], ["updated_at", "2019-03-27 11:26:52.137655"]]
  [1m[35m (2.0ms)[0m  [1m[36mcommit transaction[0m
  [1m[35m (0.1ms)[0m  [1m[36mbegin transaction[0m
  [1m[36mDoctor Load (0.2ms)[0m  [1m[34mSELECT  "doctors".* FROM "doctors" WHERE "doctors"."id" = ? LIMIT ?[0m  [["id", 5], ["LIMIT", 1]]
  [1m[36mPatient Load (0.0ms)[0m  [1m[34mSELECT  "patients".* FROM "patients" WHERE "patients"."id" = ? LIMIT ?[0m  [["id", 13], ["LIMIT", 1]]
  [1m[35mSQL (0.4ms)[0m  [1m[32mINSERT INTO "appointments" ("date", "doctor_id", "patient_id", "created_at", "updated_at") VALUES (?, ?, ?, ?, ?)[0m  [["date", "2019-05-11 00:00:00"], ["doctor_id", 5], ["patient_id", 13], ["created_at", "2019-03-27 11:26:52.143065"], ["updated_at", "2019-03-27 11:26:52.143065"]]
  [1m[35m (1.9ms)[0m  [1m[36mcommit transaction[0m
  [1m[35m (0.0ms)[0m  [1m[36mbegin transaction[0m
  [1m[36mDoctor Load (0.1ms)[0m  [1m[34mSELECT  "doctors".* FROM "doctors" WHERE "doctors"."id" = ? LIMIT ?[0m  [["id", 19], ["LIMIT", 1]]
  [1m[36mPatient Load (0.0ms)[0m  [1m[34mSELECT  "patients".* FROM "patients" WHERE "patients"."id" = ? LIMIT ?[0m  [["id", 4], ["LIMIT", 1]]
  [1m[35mSQL (0.3ms)[0m  [1m[32mINSERT INTO "appointments" ("date", "doctor_id", "patient_id", "created_at", "updated_at") VALUES (?, ?, ?, ?, ?)[0m  [["date", "2019-05-11 00:00:00"], ["doctor_id", 19], ["patient_id", 4], ["created_at", "2019-03-27 11:26:52.148047"], ["updated_at", "2019-03-27 11:26:52.148047"]]
  [1m[35m (1.9ms)[0m  [1m[36mcommit transaction[0m
  [1m[35m (0.0ms)[0m  [1m[36mbegin transaction[0m
  [1m[36mDoctor Load (0.1ms)[0m  [1m[34mSELECT  "doctors".* FROM "doctors" WHERE "doctors"."id" = ? LIMIT ?[0m  [["id", 5], ["LIMIT", 1]]
  [1m[36mPatient Load (0.0ms)[0m  [1m[34mSELECT  "patients".* FROM "patients" WHERE "patients"."id" = ? LIMIT ?[0m  [["id", 11], ["LIMIT", 1]]
  [1m[35mSQL (0.3ms)[0m  [1m[32mINSERT INTO "appointments" ("date", "doctor_id", "patient_id", "created_at", "updated_at") VALUES (?, ?, ?, ?, ?)[0m  [["date", "2019-05-11 00:00:00"], ["doctor_id", 5], ["patient_id", 11], ["created_at", "2019-03-27 11:26:52.152912"], ["updated_at", "2019-03-27 11:26:52.152912"]]
  [1m[35m (1.8ms)[0m  [1m[36mcommit transaction[0m
  [1m[35m (0.0ms)[0m  [1m[36mbegin transaction[0m
  [1m[36mDoctor Load (0.1ms)[0m  [1m[34mSELECT  "doctors".* FROM "doctors" WHERE "doctors"."id" = ? LIMIT ?[0m  [["id", 6], ["LIMIT", 1]]
  [1m[36mPatient Load (0.0ms)[0m  [1m[34mSELECT  "patients".* FROM "patients" WHERE "patients"."id" = ? LIMIT ?[0m  [["id", 18], ["LIMIT", 1]]
  [1m[35mSQL (102.7ms)[0m  [1m[32mINSERT INTO "appointments" ("date", "doctor_id", "patient_id", "created_at", "updated_at") VALUES (?, ?, ?, ?, ?)[0m  [["date", "2019-05-11 00:00:00"], ["doctor_id", 6], ["patient_id", 18], ["created_at", "2019-03-27 11:26:52.157865"], ["updated_at", "2019-03-27 11:26:52.157865"]]
  [1m[35m (99.5ms)[0m  [1m[36mcommit transaction[0m
  [1m[35m (0.1ms)[0m  [1m[36mbegin transaction[0m
  [1m[36mDoctor Load (0.2ms)[0m  [1m[34mSELECT  "doctors".* FROM "doctors" WHERE "doctors"."id" = ? LIMIT ?[0m  [["id", 11], ["LIMIT", 1]]
  [1m[36mPatient Load (0.1ms)[0m  [1m[34mSELECT  "patients".* FROM "patients" WHERE "patients"."id" = ? LIMIT ?[0m  [["id", 4], ["LIMIT", 1]]
  [1m[35mSQL (0.5ms)[0m  [1m[32mINSERT INTO "appointments" ("date", "doctor_id", "patient_id", "created_at", "updated_at") VALUES (?, ?, ?, ?, ?)[0m  [["date", "2019-05-11 00:00:00"], ["doctor_id", 11], ["patient_id", 4], ["created_at", "2019-03-27 11:26:52.365215"], ["updated_at", "2019-03-27 11:26:52.365215"]]
  [1m[35m (1.8ms)[0m  [1m[36mcommit transaction[0m
  [1m[35m (0.1ms)[0m  [1m[36mbegin transaction[0m
  [1m[36mDoctor Load (0.1ms)[0m  [1m[34mSELECT  "doctors".* FROM "doctors" WHERE "doctors"."id" = ? LIMIT ?[0m  [["id", 8], ["LIMIT", 1]]
  [1m[36mPatient Load (0.0ms)[0m  [1m[34mSELECT  "patients".* FROM "patients" WHERE "patients"."id" = ? LIMIT ?[0m  [["id", 8], ["LIMIT", 1]]
  [1m[35mSQL (0.3ms)[0m  [1m[32mINSERT INTO "appointments" ("date", "doctor_id", "patient_id", "created_at", "updated_at") VALUES (?, ?, ?, ?, ?)[0m  [["date", "2019-05-11 00:00:00"], ["doctor_id", 8], ["patient_id", 8], ["created_at", "2019-03-27 11:26:52.374332"], ["updated_at", "2019-03-27 11:26:52.374332"]]
  [1m[35m (1.8ms)[0m  [1m[36mcommit transaction[0m
  [1m[35m (0.0ms)[0m  [1m[36mbegin transaction[0m
  [1m[36mDoctor Load (0.1ms)[0m  [1m[34mSELECT  "doctors".* FROM "doctors" WHERE "doctors"."id" = ? LIMIT ?[0m  [["id", 17], ["LIMIT", 1]]
  [1m[36mPatient Load (0.0ms)[0m  [1m[34mSELECT  "patients".* FROM "patients" WHERE "patients"."id" = ? LIMIT ?[0m  [["id", 13], ["LIMIT", 1]]
  [1m[35mSQL (0.3ms)[0m  [1m[32mINSERT INTO "appointments" ("date", "doctor_id", "patient_id", "created_at", "updated_at") VALUES (?, ?, ?, ?, ?)[0m  [["date", "2019-05-11 00:00:00"], ["doctor_id", 17], ["patient_id", 13], ["created_at", "2019-03-27 11:26:52.379170"], ["updated_at", "2019-03-27 11:26:52.379170"]]
  [1m[35m (1.8ms)[0m  [1m[36mcommit transaction[0m
  [1m[35m (0.0ms)[0m  [1m[36mbegin transaction[0m
  [1m[36mDoctor Load (0.1ms)[0m  [1m[34mSELECT  "doctors".* FROM "doctors" WHERE "doctors"."id" = ? LIMIT ?[0m  [["id", 3], ["LIMIT", 1]]
  [1m[36mPatient Load (0.0ms)[0m  [1m[34mSELECT  "patients".* FROM "patients" WHERE "patients"."id" = ? LIMIT ?[0m  [["id", 2], ["LIMIT", 1]]
  [1m[35mSQL (0.4ms)[0m  [1m[32mINSERT INTO "appointments" ("date", "doctor_id", "patient_id", "created_at", "updated_at") VALUES (?, ?, ?, ?, ?)[0m  [["date", "2019-05-11 00:00:00"], ["doctor_id", 3], ["patient_id", 2], ["created_at", "2019-03-27 11:26:52.388266"], ["updated_at", "2019-03-27 11:26:52.388266"]]
  [1m[35m (2.0ms)[0m  [1m[36mcommit transaction[0m
  [1m[35m (0.0ms)[0m  [1m[36mbegin transaction[0m
  [1m[36mDoctor Load (0.1ms)[0m  [1m[34mSELECT  "doctors".* FROM "doctors" WHERE "doctors"."id" = ? LIMIT ?[0m  [["id", 6], ["LIMIT", 1]]
  [1m[36mPatient Load (0.0ms)[0m  [1m[34mSELECT  "patients".* FROM "patients" WHERE "patients"."id" = ? LIMIT ?[0m  [["id", 18], ["LIMIT", 1]]
  [1m[35mSQL (0.3ms)[0m  [1m[32mINSERT INTO "appointments" ("date", "doctor_id", "patient_id", "created_at", "updated_at") VALUES (?, ?, ?, ?, ?)[0m  [["date", "2019-05-11 00:00:00"], ["doctor_id", 6], ["patient_id", 18], ["created_at", "2019-03-27 11:26:52.395725"], ["updated_at", "2019-03-27 11:26:52.395725"]]
  [1m[35m (1.9ms)[0m  [1m[36mcommit transaction[0m
  [1m[35m (0.2ms)[0m  [1m[36mbegin transaction[0m
  [1m[36mDoctor Load (0.2ms)[0m  [1m[34mSELECT  "doctors".* FROM "doctors" WHERE "doctors"."id" = ? LIMIT ?[0m  [["id", 19], ["LIMIT", 1]]
  [1m[36mPatient Load (0.1ms)[0m  [1m[34mSELECT  "patients".* FROM "patients" WHERE "patients"."id" = ? LIMIT ?[0m  [["id", 19], ["LIMIT", 1]]
  [1m[35mSQL (52.9ms)[0m  [1m[32mINSERT INTO "appointments" ("date", "doctor_id", "patient_id", "created_at", "updated_at") VALUES (?, ?, ?, ?, ?)[0m  [["date", "2019-05-11 00:00:00"], ["doctor_id", 19], ["patient_id", 19], ["created_at", "2019-03-27 11:26:52.401525"], ["updated_at", "2019-03-27 11:26:52.401525"]]
  [1m[35m (2.1ms)[0m  [1m[36mcommit transaction[0m
  [1m[35m (0.0ms)[0m  [1m[36mbegin transaction[0m
  [1m[36mDoctor Load (0.1ms)[0m  [1m[34mSELECT  "doctors".* FROM "doctors" WHERE "doctors"."id" = ? LIMIT ?[0m  [["id", 16], ["LIMIT", 1]]
  [1m[36mPatient Load (0.0ms)[0m  [1m[34mSELECT  "patients".* FROM "patients" WHERE "patients"."id" = ? LIMIT ?[0m  [["id", 18], ["LIMIT", 1]]
  [1m[35mSQL (0.3ms)[0m  [1m[32mINSERT INTO "appointments" ("date", "doctor_id", "patient_id", "created_at", "updated_at") VALUES (?, ?, ?, ?, ?)[0m  [["date", "2019-05-11 00:00:00"], ["doctor_id", 16], ["patient_id", 18], ["created_at", "2019-03-27 11:26:52.459681"], ["updated_at", "2019-03-27 11:26:52.459681"]]
  [1m[35m (1.9ms)[0m  [1m[36mcommit transaction[0m
  [1m[35m (0.0ms)[0m  [1m[36mbegin transaction[0m
  [1m[36mDoctor Load (0.1ms)[0m  [1m[34mSELECT  "doctors".* FROM "doctors" WHERE "doctors"."id" = ? LIMIT ?[0m  [["id", 9], ["LIMIT", 1]]
  [1m[36mPatient Load (0.0ms)[0m  [1m[34mSELECT  "patients".* FROM "patients" WHERE "patients"."id" = ? LIMIT ?[0m  [["id", 20], ["LIMIT", 1]]
  [1m[35mSQL (0.4ms)[0m  [1m[32mINSERT INTO "appointments" ("date", "doctor_id", "patient_id", "created_at", "updated_at") VALUES (?, ?, ?, ?, ?)[0m  [["date", "2019-05-11 00:00:00"], ["doctor_id", 9], ["patient_id", 20], ["created_at", "2019-03-27 11:26:52.464637"], ["updated_at", "2019-03-27 11:26:52.464637"]]
  [1m[35m (2.0ms)[0m  [1m[36mcommit transaction[0m
  [1m[35m (0.1ms)[0m  [1m[36mbegin transaction[0m
  [1m[36mDoctor Load (0.2ms)[0m  [1m[34mSELECT  "doctors".* FROM "doctors" WHERE "doctors"."id" = ? LIMIT ?[0m  [["id", 12], ["LIMIT", 1]]
  [1m[36mPatient Load (0.0ms)[0m  [1m[34mSELECT  "patients".* FROM "patients" WHERE "patients"."id" = ? LIMIT ?[0m  [["id", 10], ["LIMIT", 1]]
  [1m[35mSQL (0.3ms)[0m  [1m[32mINSERT INTO "appointments" ("date", "doctor_id", "patient_id", "created_at", "updated_at") VALUES (?, ?, ?, ?, ?)[0m  [["date", "2019-05-11 00:00:00"], ["doctor_id", 12], ["patient_id", 10], ["created_at", "2019-03-27 11:26:52.469750"], ["updated_at", "2019-03-27 11:26:52.469750"]]
  [1m[35m (2.0ms)[0m  [1m[36mcommit transaction[0m
  [1m[35m (0.0ms)[0m  [1m[36mbegin transaction[0m
  [1m[36mDoctor Load (0.1ms)[0m  [1m[34mSELECT  "doctors".* FROM "doctors" WHERE "doctors"."id" = ? LIMIT ?[0m  [["id", 3], ["LIMIT", 1]]
  [1m[36mPatient Load (0.0ms)[0m  [1m[34mSELECT  "patients".* FROM "patients" WHERE "patients"."id" = ? LIMIT ?[0m  [["id", 16], ["LIMIT", 1]]
  [1m[35mSQL (0.8ms)[0m  [1m[32mINSERT INTO "appointments" ("date", "doctor_id", "patient_id", "created_at", "updated_at") VALUES (?, ?, ?, ?, ?)[0m  [["date", "2019-05-11 00:00:00"], ["doctor_id", 3], ["patient_id", 16], ["created_at", "2019-03-27 11:26:52.474874"], ["updated_at", "2019-03-27 11:26:52.474874"]]
  [1m[35m (1.9ms)[0m  [1m[36mcommit transaction[0m
  [1m[35m (0.0ms)[0m  [1m[36mbegin transaction[0m
  [1m[36mDoctor Load (0.1ms)[0m  [1m[34mSELECT  "doctors".* FROM "doctors" WHERE "doctors"."id" = ? LIMIT ?[0m  [["id", 17], ["LIMIT", 1]]
  [1m[36mPatient Load (0.1ms)[0m  [1m[34mSELECT  "patients".* FROM "patients" WHERE "patients"."id" = ? LIMIT ?[0m  [["id", 20], ["LIMIT", 1]]
  [1m[35mSQL (0.3ms)[0m  [1m[32mINSERT INTO "appointments" ("date", "doctor_id", "patient_id", "created_at", "updated_at") VALUES (?, ?, ?, ?, ?)[0m  [["date", "2019-05-11 00:00:00"], ["doctor_id", 17], ["patient_id", 20], ["created_at", "2019-03-27 11:26:52.480435"], ["updated_at", "2019-03-27 11:26:52.480435"]]
  [1m[35m (2.4ms)[0m  [1m[36mcommit transaction[0m
  [1m[35m (0.1ms)[0m  [1m[36mbegin transaction[0m
  [1m[36mDoctor Load (0.1ms)[0m  [1m[34mSELECT  "doctors".* FROM "doctors" WHERE "doctors"."id" = ? LIMIT ?[0m  [["id", 6], ["LIMIT", 1]]
  [1m[36mPatient Load (0.0ms)[0m  [1m[34mSELECT  "patients".* FROM "patients" WHERE "patients"."id" = ? LIMIT ?[0m  [["id", 5], ["LIMIT", 1]]
  [1m[35mSQL (0.5ms)[0m  [1m[32mINSERT INTO "appointments" ("date", "doctor_id", "patient_id", "created_at", "updated_at") VALUES (?, ?, ?, ?, ?)[0m  [["date", "2019-05-11 00:00:00"], ["doctor_id", 6], ["patient_id", 5], ["created_at", "2019-03-27 11:26:52.487593"], ["updated_at", "2019-03-27 11:26:52.487593"]]
  [1m[35m (2.0ms)[0m  [1m[36mcommit transaction[0m
  [1m[35m (10.2ms)[0m  [1m[34mSELECT "schema_migrations"."version" FROM "schema_migrations" ORDER BY "schema_migrations"."version" ASC[0m
Migrating to CreateCities (20190327125135)
  [1m[35m (0.1ms)[0m  [1m[36mbegin transaction[0m
  [1m[35m (0.1ms)[0m  [1m[34mSELECT sqlite_version(*)[0m
  [1m[35m (0.6ms)[0m  [1m[35mCREATE TABLE "cities" ("id" INTEGER PRIMARY KEY AUTOINCREMENT NOT NULL, "name" varchar, "created_at" datetime NOT NULL, "updated_at" datetime NOT NULL)[0m
  [1m[35mSQL (0.4ms)[0m  [1m[32mINSERT INTO "schema_migrations" ("version") VALUES (?)[0m  [["version", "20190327125135"]]
  [1m[35m (1.5ms)[0m  [1m[36mcommit transaction[0m
Migrating to AddCityRefToDoctors (20190327130249)
  [1m[35m (0.1ms)[0m  [1m[36mbegin transaction[0m
  [1m[35m (42.3ms)[0m  [1m[35mALTER TABLE "doctors" ADD "city_id" integer[0m
  [1m[35m (20.6ms)[0m  [1m[35mCREATE  INDEX "index_doctors_on_city_id" ON "doctors" ("city_id")[0m
  [1m[35mSQL (0.2ms)[0m  [1m[32mINSERT INTO "schema_migrations" ("version") VALUES (?)[0m  [["version", "20190327130249"]]
  [1m[35m (1.8ms)[0m  [1m[36mcommit transaction[0m
Migrating to AddCityRefToPatients (20190327130418)
  [1m[35m (0.1ms)[0m  [1m[36mbegin transaction[0m
  [1m[35m (0.5ms)[0m  [1m[35mALTER TABLE "patients" ADD "city_id" integer[0m
  [1m[35m (0.4ms)[0m  [1m[35mCREATE  INDEX "index_patients_on_city_id" ON "patients" ("city_id")[0m
  [1m[35mSQL (0.1ms)[0m  [1m[32mINSERT INTO "schema_migrations" ("version") VALUES (?)[0m  [["version", "20190327130418"]]
  [1m[35m (1.5ms)[0m  [1m[36mcommit transaction[0m
Migrating to AddCityRefToAppointments (20190327130441)
  [1m[35m (0.1ms)[0m  [1m[36mbegin transaction[0m
  [1m[35m (0.5ms)[0m  [1m[35mALTER TABLE "appointments" ADD "city_id" integer[0m
  [1m[35m (0.1ms)[0m  [1m[34m            SELECT sql
            FROM sqlite_master
            WHERE name='index_appointments_on_patient_id' AND type='index'
            UNION ALL
            SELECT sql
            FROM sqlite_temp_master
            WHERE name='index_appointments_on_patient_id' AND type='index'
[0m
  [1m[35m (0.2ms)[0m  [1m[34m            SELECT sql
            FROM sqlite_master
            WHERE name='index_appointments_on_doctor_id' AND type='index'
            UNION ALL
            SELECT sql
            FROM sqlite_temp_master
            WHERE name='index_appointments_on_doctor_id' AND type='index'
[0m
  [1m[35m (18.8ms)[0m  [1m[35mCREATE  INDEX "index_appointments_on_city_id" ON "appointments" ("city_id")[0m
  [1m[35mSQL (0.3ms)[0m  [1m[32mINSERT INTO "schema_migrations" ("version") VALUES (?)[0m  [["version", "20190327130441"]]
  [1m[35m (1.6ms)[0m  [1m[36mcommit transaction[0m
  [1m[36mActiveRecord::InternalMetadata Load (1.0ms)[0m  [1m[34mSELECT  "ar_internal_metadata".* FROM "ar_internal_metadata" WHERE "ar_internal_metadata"."key" = ? LIMIT ?[0m  [["key", "environment"], ["LIMIT", 1]]
  [1m[35m (0.1ms)[0m  [1m[36mbegin transaction[0m
  [1m[35m (0.0ms)[0m  [1m[36mcommit transaction[0m
  [1m[35m (0.4ms)[0m  [1m[34mSELECT "schema_migrations"."version" FROM "schema_migrations" ORDER BY "schema_migrations"."version" ASC[0m
  [1m[35m (0.2ms)[0m  [1m[34m            SELECT sql
            FROM sqlite_master
            WHERE name='index_appointments_on_city_id' AND type='index'
            UNION ALL
            SELECT sql
            FROM sqlite_temp_master
            WHERE name='index_appointments_on_city_id' AND type='index'
[0m
  [1m[35m (0.1ms)[0m  [1m[34m            SELECT sql
            FROM sqlite_master
            WHERE name='index_appointments_on_patient_id' AND type='index'
            UNION ALL
            SELECT sql
            FROM sqlite_temp_master
            WHERE name='index_appointments_on_patient_id' AND type='index'
[0m
  [1m[35m (0.2ms)[0m  [1m[34m            SELECT sql
            FROM sqlite_master
            WHERE name='index_appointments_on_doctor_id' AND type='index'
            UNION ALL
            SELECT sql
            FROM sqlite_temp_master
            WHERE name='index_appointments_on_doctor_id' AND type='index'
[0m
  [1m[35m (0.1ms)[0m  [1m[34m            SELECT sql
            FROM sqlite_master
            WHERE name='index_doctors_on_city_id' AND type='index'
            UNION ALL
            SELECT sql
            FROM sqlite_temp_master
            WHERE name='index_doctors_on_city_id' AND type='index'
[0m
  [1m[35m (0.1ms)[0m  [1m[34m            SELECT sql
            FROM sqlite_master
            WHERE name='index_patients_on_city_id' AND type='index'
            UNION ALL
            SELECT sql
            FROM sqlite_temp_master
            WHERE name='index_patients_on_city_id' AND type='index'
[0m
  [1m[35m (10.3ms)[0m  [1m[34mSELECT "schema_migrations"."version" FROM "schema_migrations" ORDER BY "schema_migrations"."version" ASC[0m
Migrating to RemoveSpecialtyFromDoctors (20190327133238)
  [1m[35m (0.1ms)[0m  [1m[36mbegin transaction[0m
  [1m[35m (0.1ms)[0m  [1m[34mSELECT sqlite_version(*)[0m
  [1m[35m (0.3ms)[0m  [1m[35mCREATE TEMPORARY TABLE "adoctors" ("id" integer NOT NULL PRIMARY KEY, "first_name" varchar DEFAULT NULL, "last_name" varchar DEFAULT NULL, "specialty" varchar DEFAULT NULL, "zip_code" varchar DEFAULT NULL, "created_at" datetime NOT NULL, "updated_at" datetime NOT NULL, "city_id" integer DEFAULT NULL)[0m
  [1m[35m (0.1ms)[0m  [1m[34m            SELECT sql
            FROM sqlite_master
            WHERE name='index_doctors_on_city_id' AND type='index'
            UNION ALL
            SELECT sql
            FROM sqlite_temp_master
            WHERE name='index_doctors_on_city_id' AND type='index'
[0m
  [1m[35m (0.1ms)[0m  [1m[35mCREATE  INDEX "tindex_adoctors_on_city_id" ON "adoctors" ("city_id")[0m
  [1m[35m (11.2ms)[0m  [1m[32mINSERT INTO "adoctors" ("id","first_name","last_name","specialty","zip_code","created_at","updated_at","city_id")
                     SELECT "id","first_name","last_name","specialty","zip_code","created_at","updated_at","city_id" FROM "doctors"[0m
  [1m[35m (16.8ms)[0m  [1m[35mDROP TABLE "doctors"[0m
  [1m[35m (0.2ms)[0m  [1m[35mCREATE TABLE "doctors" ("id" integer NOT NULL PRIMARY KEY, "first_name" varchar DEFAULT NULL, "last_name" varchar DEFAULT NULL, "zip_code" varchar DEFAULT NULL, "created_at" datetime NOT NULL, "updated_at" datetime NOT NULL, "city_id" integer DEFAULT NULL)[0m
  [1m[35m (0.1ms)[0m  [1m[34m            SELECT sql
            FROM sqlite_master
            WHERE name='tindex_adoctors_on_city_id' AND type='index'
            UNION ALL
            SELECT sql
            FROM sqlite_temp_master
            WHERE name='tindex_adoctors_on_city_id' AND type='index'
[0m
  [1m[35m (0.1ms)[0m  [1m[35mCREATE  INDEX "index_doctors_on_city_id" ON "doctors" ("city_id")[0m
  [1m[35m (0.1ms)[0m  [1m[32mINSERT INTO "doctors" ("id","first_name","last_name","zip_code","created_at","updated_at","city_id")
                     SELECT "id","first_name","last_name","zip_code","created_at","updated_at","city_id" FROM "adoctors"[0m
  [1m[35m (0.1ms)[0m  [1m[35mDROP TABLE "adoctors"[0m
  [1m[35mSQL (44.5ms)[0m  [1m[32mINSERT INTO "schema_migrations" ("version") VALUES (?)[0m  [["version", "20190327133238"]]
  [1m[35m (2.4ms)[0m  [1m[36mcommit transaction[0m
Migrating to CreateSpecialties (20190327135213)
  [1m[35m (0.1ms)[0m  [1m[36mbegin transaction[0m
  [1m[35m (0.4ms)[0m  [1m[35mCREATE TABLE "specialties" ("id" INTEGER PRIMARY KEY AUTOINCREMENT NOT NULL, "name" varchar, "created_at" datetime NOT NULL, "updated_at" datetime NOT NULL)[0m
  [1m[35mSQL (0.2ms)[0m  [1m[32mINSERT INTO "schema_migrations" ("version") VALUES (?)[0m  [["version", "20190327135213"]]
  [1m[35m (1.4ms)[0m  [1m[36mcommit transaction[0m
Migrating to CreateJoinTableSpecialtyDoctor (20190327135636)
  [1m[35m (0.1ms)[0m  [1m[36mbegin transaction[0m
  [1m[35m (0.4ms)[0m  [1m[35mCREATE TABLE "doctors_specialties" ("specialty_id" integer NOT NULL, "doctor_id" integer NOT NULL)[0m
  [1m[35mSQL (0.2ms)[0m  [1m[32mINSERT INTO "schema_migrations" ("version") VALUES (?)[0m  [["version", "20190327135636"]]
  [1m[35m (1.4ms)[0m  [1m[36mcommit transaction[0m
  [1m[36mActiveRecord::InternalMetadata Load (75.4ms)[0m  [1m[34mSELECT  "ar_internal_metadata".* FROM "ar_internal_metadata" WHERE "ar_internal_metadata"."key" = ? LIMIT ?[0m  [["key", "environment"], ["LIMIT", 1]]
  [1m[35m (0.1ms)[0m  [1m[36mbegin transaction[0m
  [1m[35m (0.0ms)[0m  [1m[36mcommit transaction[0m
  [1m[35m (0.1ms)[0m  [1m[34mSELECT "schema_migrations"."version" FROM "schema_migrations" ORDER BY "schema_migrations"."version" ASC[0m
  [1m[35m (0.1ms)[0m  [1m[34m            SELECT sql
            FROM sqlite_master
            WHERE name='index_appointments_on_city_id' AND type='index'
            UNION ALL
            SELECT sql
            FROM sqlite_temp_master
            WHERE name='index_appointments_on_city_id' AND type='index'
[0m
  [1m[35m (0.1ms)[0m  [1m[34m            SELECT sql
            FROM sqlite_master
            WHERE name='index_appointments_on_patient_id' AND type='index'
            UNION ALL
            SELECT sql
            FROM sqlite_temp_master
            WHERE name='index_appointments_on_patient_id' AND type='index'
[0m
  [1m[35m (0.1ms)[0m  [1m[34m            SELECT sql
            FROM sqlite_master
            WHERE name='index_appointments_on_doctor_id' AND type='index'
            UNION ALL
            SELECT sql
            FROM sqlite_temp_master
            WHERE name='index_appointments_on_doctor_id' AND type='index'
[0m
  [1m[35m (0.1ms)[0m  [1m[34m            SELECT sql
            FROM sqlite_master
            WHERE name='index_doctors_on_city_id' AND type='index'
            UNION ALL
            SELECT sql
            FROM sqlite_temp_master
            WHERE name='index_doctors_on_city_id' AND type='index'
[0m
  [1m[35m (0.1ms)[0m  [1m[34m            SELECT sql
            FROM sqlite_master
            WHERE name='index_patients_on_city_id' AND type='index'
            UNION ALL
            SELECT sql
            FROM sqlite_temp_master
            WHERE name='index_patients_on_city_id' AND type='index'
[0m
  [1m[35m (10.2ms)[0m  [1m[34mSELECT "schema_migrations"."version" FROM "schema_migrations" ORDER BY "schema_migrations"."version" ASC[0m
  [1m[35m (0.1ms)[0m  [1m[34mSELECT "schema_migrations"."version" FROM "schema_migrations" ORDER BY "schema_migrations"."version" ASC[0m
Migrating to CreateJoinTableSpecialtyDoctor (20190327135636)
  [1m[35m (0.1ms)[0m  [1m[36mbegin transaction[0m
  [1m[35m (13.4ms)[0m  [1m[35mDROP TABLE "doctors_specialties"[0m
  [1m[35mSQL (3.8ms)[0m  [1m[31mDELETE FROM "schema_migrations" WHERE "schema_migrations"."version" = ?[0m  [["version", "20190327135636"]]
  [1m[35m (2.2ms)[0m  [1m[36mcommit transaction[0m
  [1m[35m (0.2ms)[0m  [1m[34mSELECT "schema_migrations"."version" FROM "schema_migrations" ORDER BY "schema_migrations"."version" ASC[0m
  [1m[35m (0.1ms)[0m  [1m[34m            SELECT sql
            FROM sqlite_master
            WHERE name='index_appointments_on_city_id' AND type='index'
            UNION ALL
            SELECT sql
            FROM sqlite_temp_master
            WHERE name='index_appointments_on_city_id' AND type='index'
[0m
  [1m[35m (0.1ms)[0m  [1m[34m            SELECT sql
            FROM sqlite_master
            WHERE name='index_appointments_on_patient_id' AND type='index'
            UNION ALL
            SELECT sql
            FROM sqlite_temp_master
            WHERE name='index_appointments_on_patient_id' AND type='index'
[0m
  [1m[35m (0.1ms)[0m  [1m[34m            SELECT sql
            FROM sqlite_master
            WHERE name='index_appointments_on_doctor_id' AND type='index'
            UNION ALL
            SELECT sql
            FROM sqlite_temp_master
            WHERE name='index_appointments_on_doctor_id' AND type='index'
[0m
  [1m[35m (0.1ms)[0m  [1m[34m            SELECT sql
            FROM sqlite_master
            WHERE name='index_doctors_on_city_id' AND type='index'
            UNION ALL
            SELECT sql
            FROM sqlite_temp_master
            WHERE name='index_doctors_on_city_id' AND type='index'
[0m
  [1m[35m (0.1ms)[0m  [1m[34m            SELECT sql
            FROM sqlite_master
            WHERE name='index_patients_on_city_id' AND type='index'
            UNION ALL
            SELECT sql
            FROM sqlite_temp_master
            WHERE name='index_patients_on_city_id' AND type='index'
[0m
  [1m[35m (10.3ms)[0m  [1m[34mSELECT "schema_migrations"."version" FROM "schema_migrations" ORDER BY "schema_migrations"."version" ASC[0m
Migrating to CreateJoinTableSpecialtyDoctor (20190327135636)
  [1m[35m (0.1ms)[0m  [1m[36mbegin transaction[0m
  [1m[35m (0.2ms)[0m  [1m[34mSELECT sqlite_version(*)[0m
  [1m[35m (15.0ms)[0m  [1m[35mCREATE TABLE "doctors_specialties" ("specialty_id" integer NOT NULL, "doctor_id" integer NOT NULL)[0m
  [1m[35m (0.2ms)[0m  [1m[35mCREATE  INDEX "index_doctors_specialties_on_specialty_id_and_doctor_id" ON "doctors_specialties" ("specialty_id", "doctor_id")[0m
  [1m[35m (0.1ms)[0m  [1m[34m            SELECT sql
            FROM sqlite_master
            WHERE name='index_doctors_specialties_on_specialty_id_and_doctor_id' AND type='index'
            UNION ALL
            SELECT sql
            FROM sqlite_temp_master
            WHERE name='index_doctors_specialties_on_specialty_id_and_doctor_id' AND type='index'
[0m
  [1m[35m (0.1ms)[0m  [1m[35mCREATE  INDEX "index_doctors_specialties_on_doctor_id_and_specialty_id" ON "doctors_specialties" ("doctor_id", "specialty_id")[0m
  [1m[35mSQL (0.5ms)[0m  [1m[32mINSERT INTO "schema_migrations" ("version") VALUES (?)[0m  [["version", "20190327135636"]]
  [1m[35m (1.5ms)[0m  [1m[36mcommit transaction[0m
  [1m[36mActiveRecord::InternalMetadata Load (1.0ms)[0m  [1m[34mSELECT  "ar_internal_metadata".* FROM "ar_internal_metadata" WHERE "ar_internal_metadata"."key" = ? LIMIT ?[0m  [["key", "environment"], ["LIMIT", 1]]
  [1m[35m (0.1ms)[0m  [1m[36mbegin transaction[0m
  [1m[35m (0.1ms)[0m  [1m[36mcommit transaction[0m
  [1m[35m (0.2ms)[0m  [1m[34mSELECT "schema_migrations"."version" FROM "schema_migrations" ORDER BY "schema_migrations"."version" ASC[0m
  [1m[35m (0.1ms)[0m  [1m[34m            SELECT sql
            FROM sqlite_master
            WHERE name='index_appointments_on_city_id' AND type='index'
            UNION ALL
            SELECT sql
            FROM sqlite_temp_master
            WHERE name='index_appointments_on_city_id' AND type='index'
[0m
  [1m[35m (0.2ms)[0m  [1m[34m            SELECT sql
            FROM sqlite_master
            WHERE name='index_appointments_on_patient_id' AND type='index'
            UNION ALL
            SELECT sql
            FROM sqlite_temp_master
            WHERE name='index_appointments_on_patient_id' AND type='index'
[0m
  [1m[35m (0.2ms)[0m  [1m[34m            SELECT sql
            FROM sqlite_master
            WHERE name='index_appointments_on_doctor_id' AND type='index'
            UNION ALL
            SELECT sql
            FROM sqlite_temp_master
            WHERE name='index_appointments_on_doctor_id' AND type='index'
[0m
  [1m[35m (0.1ms)[0m  [1m[34m            SELECT sql
            FROM sqlite_master
            WHERE name='index_doctors_on_city_id' AND type='index'
            UNION ALL
            SELECT sql
            FROM sqlite_temp_master
            WHERE name='index_doctors_on_city_id' AND type='index'
[0m
  [1m[35m (0.1ms)[0m  [1m[34m            SELECT sql
            FROM sqlite_master
            WHERE name='index_doctors_specialties_on_doctor_id_and_specialty_id' AND type='index'
            UNION ALL
            SELECT sql
            FROM sqlite_temp_master
            WHERE name='index_doctors_specialties_on_doctor_id_and_specialty_id' AND type='index'
[0m
  [1m[35m (0.1ms)[0m  [1m[34m            SELECT sql
            FROM sqlite_master
            WHERE name='index_doctors_specialties_on_specialty_id_and_doctor_id' AND type='index'
            UNION ALL
            SELECT sql
            FROM sqlite_temp_master
            WHERE name='index_doctors_specialties_on_specialty_id_and_doctor_id' AND type='index'
[0m
  [1m[35m (0.1ms)[0m  [1m[34m            SELECT sql
            FROM sqlite_master
            WHERE name='index_patients_on_city_id' AND type='index'
            UNION ALL
            SELECT sql
            FROM sqlite_temp_master
            WHERE name='index_patients_on_city_id' AND type='index'
[0m
