  [1m[35m (4496.0ms)[0m  [1m[35mCREATE DATABASE "airbnb-help_development" ENCODING = 'unicode'[0m
  ↳ bin/rails:9
  [1m[35m (719.0ms)[0m  [1m[35mCREATE DATABASE "airbnb-help_test" ENCODING = 'unicode'[0m
  ↳ bin/rails:9
  [1m[35m (687.3ms)[0m  [1m[35mCREATE TABLE "schema_migrations" ("version" character varying NOT NULL PRIMARY KEY)[0m
  ↳ bin/rails:9
  [1m[35m (55.7ms)[0m  [1m[35mCREATE TABLE "ar_internal_metadata" ("key" character varying NOT NULL PRIMARY KEY, "value" character varying, "created_at" timestamp NOT NULL, "updated_at" timestamp NOT NULL)[0m
  ↳ bin/rails:9
  [1m[35m (22.8ms)[0m  [1m[34mSELECT pg_try_advisory_lock(6924690360842033955)[0m
  ↳ bin/rails:9
  [1m[35m (48.9ms)[0m  [1m[34mSELECT "schema_migrations"."version" FROM "schema_migrations" ORDER BY "schema_migrations"."version" ASC[0m
  ↳ bin/rails:9
Migrating to CreateUsers (20190329170627)
  [1m[35m (0.2ms)[0m  [1m[35mBEGIN[0m
  ↳ bin/rails:9
  [1m[35m (176.0ms)[0m  [1m[35mCREATE TABLE "users" ("id" bigserial primary key, "email" character varying, "phone_number" character varying, "description" text, "created_at" timestamp NOT NULL, "updated_at" timestamp NOT NULL)[0m
  ↳ db/migrate/20190329170627_create_users.rb:3
  [1m[36mActiveRecord::SchemaMigration Create (0.4ms)[0m  [1m[32mINSERT INTO "schema_migrations" ("version") VALUES ($1) RETURNING "version"[0m  [["version", "20190329170627"]]
  ↳ bin/rails:9
  [1m[35m (0.9ms)[0m  [1m[35mCOMMIT[0m
  ↳ bin/rails:9
Migrating to CreateCities (20190329171259)
  [1m[35m (39.9ms)[0m  [1m[35mBEGIN[0m
  ↳ bin/rails:9
  [1m[35m (43.4ms)[0m  [1m[35mCREATE TABLE "cities" ("id" bigserial primary key, "name" character varying, "zip_code" character varying, "created_at" timestamp NOT NULL, "updated_at" timestamp NOT NULL)[0m
  ↳ db/migrate/20190329171259_create_cities.rb:3
  [1m[36mActiveRecord::SchemaMigration Create (0.4ms)[0m  [1m[32mINSERT INTO "schema_migrations" ("version") VALUES ($1) RETURNING "version"[0m  [["version", "20190329171259"]]
  ↳ bin/rails:9
  [1m[35m (11.5ms)[0m  [1m[35mCOMMIT[0m
  ↳ bin/rails:9
Migrating to CreateAccommodations (20190329171536)
  [1m[35m (32.7ms)[0m  [1m[35mBEGIN[0m
  ↳ bin/rails:9
  [1m[35m (34.9ms)[0m  [1m[35mCREATE TABLE "accommodations" ("id" bigserial primary key, "available_beds" integer, "price" integer, "description" text, "has_wifi" boolean, "welcome_message" text, "user_id" bigint, "city_id" bigint, "created_at" timestamp NOT NULL, "updated_at" timestamp NOT NULL)[0m
  ↳ db/migrate/20190329171536_create_accommodations.rb:3
  [1m[35m (26.7ms)[0m  [1m[35mCREATE  INDEX  "index_accommodations_on_user_id" ON "accommodations"  ("user_id")[0m
  ↳ db/migrate/20190329171536_create_accommodations.rb:3
  [1m[35m (8.4ms)[0m  [1m[35mCREATE  INDEX  "index_accommodations_on_city_id" ON "accommodations"  ("city_id")[0m
  ↳ db/migrate/20190329171536_create_accommodations.rb:3
  [1m[36mActiveRecord::SchemaMigration Create (0.3ms)[0m  [1m[32mINSERT INTO "schema_migrations" ("version") VALUES ($1) RETURNING "version"[0m  [["version", "20190329171536"]]
  ↳ bin/rails:9
  [1m[35m (38.0ms)[0m  [1m[35mCOMMIT[0m
  ↳ bin/rails:9
Migrating to CreateReservations (20190329171712)
  [1m[35m (40.3ms)[0m  [1m[35mBEGIN[0m
  ↳ bin/rails:9
  [1m[35m (2.2ms)[0m  [1m[35mCREATE TABLE "reservations" ("id" bigserial primary key, "start_date" timestamp, "end_date" timestamp, "user_id" bigint, "accommodation_id" bigint, "created_at" timestamp NOT NULL, "updated_at" timestamp NOT NULL)[0m
  ↳ db/migrate/20190329171712_create_reservations.rb:3
  [1m[35m (0.8ms)[0m  [1m[35mCREATE  INDEX  "index_reservations_on_user_id" ON "reservations"  ("user_id")[0m
  ↳ db/migrate/20190329171712_create_reservations.rb:3
  [1m[35m (0.8ms)[0m  [1m[35mCREATE  INDEX  "index_reservations_on_accommodation_id" ON "reservations"  ("accommodation_id")[0m
  ↳ db/migrate/20190329171712_create_reservations.rb:3
  [1m[36mActiveRecord::SchemaMigration Create (0.2ms)[0m  [1m[32mINSERT INTO "schema_migrations" ("version") VALUES ($1) RETURNING "version"[0m  [["version", "20190329171712"]]
  ↳ bin/rails:9
  [1m[35m (0.6ms)[0m  [1m[35mCOMMIT[0m
  ↳ bin/rails:9
  [1m[36mActiveRecord::InternalMetadata Load (0.4ms)[0m  [1m[34mSELECT  "ar_internal_metadata".* FROM "ar_internal_metadata" WHERE "ar_internal_metadata"."key" = $1 LIMIT $2[0m  [["key", "environment"], ["LIMIT", 1]]
  ↳ bin/rails:9
  [1m[35m (0.1ms)[0m  [1m[35mBEGIN[0m
  ↳ bin/rails:9
  [1m[36mActiveRecord::InternalMetadata Create (0.5ms)[0m  [1m[32mINSERT INTO "ar_internal_metadata" ("key", "value", "created_at", "updated_at") VALUES ($1, $2, $3, $4) RETURNING "key"[0m  [["key", "environment"], ["value", "development"], ["created_at", "2019-03-31 22:10:20.599022"], ["updated_at", "2019-03-31 22:10:20.599022"]]
  ↳ bin/rails:9
  [1m[35m (40.1ms)[0m  [1m[35mCOMMIT[0m
  ↳ bin/rails:9
  [1m[35m (0.3ms)[0m  [1m[34mSELECT pg_advisory_unlock(6924690360842033955)[0m
  ↳ bin/rails:9
  [1m[35m (0.2ms)[0m  [1m[34mSELECT "schema_migrations"."version" FROM "schema_migrations" ORDER BY "schema_migrations"."version" ASC[0m
  ↳ bin/rails:9
  [1m[36mUser Load (9.3ms)[0m  [1m[34mSELECT  "users".* FROM "users" LIMIT $1[0m  [["LIMIT", 11]]
